TN:
SF:src/cliente.ts
FN:12,<instance_members_initializer>
FN:13,Clientes
FN:18,ObtenerClientes
FN:25,AddCliente
FN:33,RemoveCliente
FN:44,BuscarNombre
FN:55,BuscarContacto
FN:66,BuscarDireccion
FNF:8
FNH:8
FNDA:10,<instance_members_initializer>
FNDA:10,Clientes
FNDA:3,ObtenerClientes
FNDA:1,AddCliente
FNDA:1,RemoveCliente
FNDA:2,BuscarNombre
FNDA:2,BuscarContacto
FNDA:2,BuscarDireccion
DA:1,1
DA:2,1
DA:3,1
DA:4,1
DA:5,1
DA:6,1
DA:7,1
DA:8,1
DA:9,1
DA:10,1
DA:11,1
DA:12,1
DA:13,10
DA:14,10
DA:15,10
DA:16,10
DA:17,10
DA:18,10
DA:19,3
DA:20,3
DA:21,10
DA:22,10
DA:23,10
DA:24,10
DA:25,10
DA:26,1
DA:27,1
DA:28,10
DA:29,10
DA:30,10
DA:31,10
DA:32,10
DA:33,10
DA:34,1
DA:35,1
DA:36,1
DA:37,1
DA:38,10
DA:39,10
DA:40,10
DA:41,10
DA:42,10
DA:43,10
DA:44,10
DA:45,2
DA:46,2
DA:47,2
DA:48,2
DA:49,10
DA:50,10
DA:51,10
DA:52,10
DA:53,10
DA:54,10
DA:55,10
DA:56,2
DA:57,2
DA:58,2
DA:59,2
DA:60,10
DA:61,10
DA:62,10
DA:63,10
DA:64,10
DA:65,10
DA:66,10
DA:67,2
DA:68,2
DA:69,2
DA:70,2
DA:71,10
LF:71
LH:71
BRDA:12,0,0,10
BRDA:13,1,0,10
BRDA:18,2,0,3
BRDA:25,3,0,1
BRDA:33,4,0,1
BRDA:35,5,0,4
BRDA:44,6,0,2
BRDA:46,7,0,8
BRDA:55,8,0,2
BRDA:57,9,0,8
BRDA:66,10,0,2
BRDA:68,11,0,8
BRF:12
BRH:12
end_of_record
TN:
SF:src/mueble.ts
FN:7,<instance_members_initializer>
FN:8,Dimensiones
FN:18,getAncho
FN:26,getAlto
FN:34,getFondo
FN:42,getDescripcion
FN:85,sort
FN:94,sort
FN:103,sort
FN:112,<instance_members_initializer>
FN:113,Muebles
FN:118,ObtenerMuebles
FN:125,AddMueble
FN:132,EliminarMueble
FN:141,BuscarPorNombre
FN:158,BuscarPorTipo
FN:175,BuscarPorDescripcion
FN:191,PrintMuebles
FN:222,getOrdenarPor
FNF:19
FNH:19
FNDA:5,<instance_members_initializer>
FNDA:5,Dimensiones
FNDA:1,getAncho
FNDA:1,getAlto
FNDA:1,getFondo
FNDA:5,getDescripcion
FNDA:4,sort
FNDA:1,sort
FNDA:2,sort
FNDA:1,<instance_members_initializer>
FNDA:1,Muebles
FNDA:8,ObtenerMuebles
FNDA:2,AddMueble
FNDA:1,EliminarMueble
FNDA:1,BuscarPorNombre
FNDA:1,BuscarPorTipo
FNDA:1,BuscarPorDescripcion
FNDA:1,PrintMuebles
FNDA:3,getOrdenarPor
DA:1,1
DA:2,1
DA:3,1
DA:4,1
DA:5,1
DA:6,1
DA:7,1
DA:8,5
DA:9,5
DA:10,5
DA:11,5
DA:12,5
DA:13,5
DA:14,5
DA:15,5
DA:16,5
DA:17,5
DA:18,5
DA:19,1
DA:20,1
DA:21,5
DA:22,5
DA:23,5
DA:24,5
DA:25,5
DA:26,5
DA:27,1
DA:28,1
DA:29,5
DA:30,5
DA:31,5
DA:32,5
DA:33,5
DA:34,5
DA:35,1
DA:36,1
DA:37,5
DA:38,5
DA:39,5
DA:40,5
DA:41,5
DA:42,5
DA:43,5
DA:44,5
DA:45,5
DA:46,1
DA:47,1
DA:48,1
DA:49,1
DA:50,1
DA:51,1
DA:52,1
DA:53,1
DA:54,1
DA:55,1
DA:56,1
DA:57,1
DA:58,1
DA:59,1
DA:60,1
DA:61,1
DA:62,1
DA:63,1
DA:64,1
DA:65,1
DA:66,1
DA:67,1
DA:68,1
DA:69,1
DA:70,1
DA:71,1
DA:72,1
DA:73,1
DA:74,1
DA:75,1
DA:76,1
DA:77,1
DA:78,1
DA:79,1
DA:80,1
DA:81,1
DA:82,1
DA:83,1
DA:84,1
DA:85,1
DA:86,4
DA:87,4
DA:88,1
DA:89,1
DA:90,1
DA:91,1
DA:92,1
DA:93,1
DA:94,1
DA:95,1
DA:96,1
DA:97,1
DA:98,1
DA:99,1
DA:100,1
DA:101,1
DA:102,1
DA:103,1
DA:104,2
DA:105,2
DA:106,1
DA:107,1
DA:108,1
DA:109,1
DA:110,1
DA:111,1
DA:112,1
DA:113,1
DA:114,1
DA:115,1
DA:116,1
DA:117,1
DA:118,1
DA:119,8
DA:120,8
DA:121,1
DA:122,1
DA:123,1
DA:124,1
DA:125,1
DA:126,2
DA:127,2
DA:128,1
DA:129,1
DA:130,1
DA:131,1
DA:132,1
DA:133,1
DA:134,1
DA:135,1
DA:136,1
DA:137,1
DA:138,1
DA:139,1
DA:140,1
DA:141,1
DA:142,1
DA:143,1
DA:144,1
DA:145,1
DA:146,1
DA:147,1
DA:148,1
DA:149,1
DA:150,1
DA:151,1
DA:152,1
DA:153,1
DA:154,1
DA:155,1
DA:156,1
DA:157,1
DA:158,1
DA:159,1
DA:160,1
DA:161,1
DA:162,1
DA:163,1
DA:164,1
DA:165,1
DA:166,1
DA:167,1
DA:168,1
DA:169,1
DA:170,1
DA:171,1
DA:172,1
DA:173,1
DA:174,1
DA:175,1
DA:176,1
DA:177,1
DA:178,1
DA:179,1
DA:180,1
DA:181,1
DA:182,1
DA:183,1
DA:184,1
DA:185,1
DA:186,1
DA:187,1
DA:188,1
DA:189,1
DA:190,1
DA:191,1
DA:192,1
DA:193,1
DA:194,4
DA:195,4
DA:196,4
DA:197,4
DA:198,4
DA:199,4
DA:200,4
DA:201,1
DA:202,1
DA:203,1
DA:204,1
DA:205,1
DA:206,1
DA:207,1
DA:208,1
DA:209,1
DA:210,1
DA:211,1
DA:212,1
DA:213,1
DA:214,1
DA:215,1
DA:216,1
DA:217,1
DA:218,1
DA:219,1
DA:220,1
DA:221,1
DA:222,1
DA:223,3
DA:224,3
DA:225,2
DA:226,3
DA:227,0
DA:228,3
DA:229,1
DA:230,3
DA:231,0
DA:232,3
DA:233,3
DA:234,1
LF:234
LH:232
BRDA:7,0,0,5
BRDA:8,1,0,5
BRDA:18,2,0,1
BRDA:26,3,0,1
BRDA:34,4,0,1
BRDA:42,5,0,5
BRDA:68,6,0,1
BRDA:85,7,0,4
BRDA:86,8,0,7
BRDA:94,9,0,1
BRDA:95,10,0,4
BRDA:103,11,0,2
BRDA:104,12,0,3
BRDA:112,13,0,1
BRDA:113,14,0,1
BRDA:118,15,0,8
BRDA:125,16,0,2
BRDA:132,17,0,1
BRDA:133,18,0,4
BRDA:141,19,0,1
BRDA:146,20,0,4
BRDA:158,21,0,1
BRDA:162,22,0,4
BRDA:175,23,0,1
BRDA:179,24,0,4
BRDA:191,25,0,1
BRDA:193,26,0,4
BRDA:222,27,0,3
BRDA:224,28,0,2
BRDA:226,29,0,0
BRDA:228,30,0,1
BRDA:230,31,0,0
BRF:32
BRH:30
end_of_record
TN:
SF:src/proveedor.ts
FN:33,<instance_members_initializer>
FN:34,Proveedores
FN:40,ObtenerProveedores
FN:47,AddProveedor
FN:55,RemoveProveedor
FN:66,BuscarNombre
FN:77,BuscarContacto
FN:89,BuscarDireccion
FNF:8
FNH:8
FNDA:1,<instance_members_initializer>
FNDA:1,Proveedores
FNDA:6,ObtenerProveedores
FNDA:2,AddProveedor
FNDA:2,RemoveProveedor
FNDA:3,BuscarNombre
FNDA:3,BuscarContacto
FNDA:3,BuscarDireccion
DA:1,1
DA:2,1
DA:3,1
DA:4,1
DA:5,1
DA:6,1
DA:7,1
DA:8,1
DA:9,1
DA:10,1
DA:11,1
DA:12,1
DA:13,1
DA:14,1
DA:15,1
DA:16,1
DA:17,1
DA:18,1
DA:19,1
DA:20,1
DA:21,1
DA:22,1
DA:23,1
DA:24,1
DA:25,1
DA:26,1
DA:27,1
DA:28,1
DA:29,1
DA:30,1
DA:31,1
DA:32,1
DA:33,1
DA:34,1
DA:35,1
DA:36,1
DA:37,1
DA:38,1
DA:39,1
DA:40,1
DA:41,6
DA:42,6
DA:43,1
DA:44,1
DA:45,1
DA:46,1
DA:47,1
DA:48,2
DA:49,2
DA:50,1
DA:51,1
DA:52,1
DA:53,1
DA:54,1
DA:55,1
DA:56,2
DA:57,2
DA:58,2
DA:59,2
DA:60,1
DA:61,1
DA:62,1
DA:63,1
DA:64,1
DA:65,1
DA:66,1
DA:67,3
DA:68,3
DA:69,3
DA:70,3
DA:71,1
DA:72,1
DA:73,1
DA:74,1
DA:75,1
DA:76,1
DA:77,1
DA:78,3
DA:79,3
DA:80,3
DA:81,3
DA:82,3
DA:83,1
DA:84,1
DA:85,1
DA:86,1
DA:87,1
DA:88,1
DA:89,1
DA:90,3
DA:91,3
DA:92,3
DA:93,3
DA:94,3
DA:95,1
LF:95
LH:95
BRDA:33,0,0,1
BRDA:34,1,0,1
BRDA:40,2,0,6
BRDA:47,3,0,2
BRDA:55,4,0,2
BRDA:57,5,0,6
BRDA:66,6,0,3
BRDA:68,7,0,6
BRDA:77,8,0,3
BRDA:79,9,0,6
BRDA:89,10,0,3
BRDA:91,11,0,6
BRF:12
BRH:12
end_of_record
TN:
SF:src/stock.ts
FN:40,<instance_members_initializer>
FN:44,Stock
FN:55,agregarMueble
FN:68,eliminarMueble
FN:77,agregarTransaccion
FN:85,obtenerStockMueble
FN:107,registrarVenta
FN:131,registrarCompra
FN:155,obtenerInformeVentasMueble
FN:176,obtenerInformeGastosProveedor
FNF:10
FNH:10
FNDA:5,<instance_members_initializer>
FNDA:5,Stock
FNDA:1,agregarMueble
FNDA:1,eliminarMueble
FNDA:3,agregarTransaccion
FNDA:3,obtenerStockMueble
FNDA:2,registrarVenta
FNDA:1,registrarCompra
FNDA:1,obtenerInformeVentasMueble
FNDA:1,obtenerInformeGastosProveedor
DA:1,1
DA:2,1
DA:3,1
DA:4,1
DA:5,1
DA:6,1
DA:7,1
DA:8,1
DA:9,1
DA:10,1
DA:11,1
DA:12,1
DA:13,1
DA:14,1
DA:15,1
DA:16,1
DA:17,1
DA:18,1
DA:19,1
DA:20,1
DA:21,1
DA:22,1
DA:23,1
DA:24,1
DA:25,1
DA:26,1
DA:27,1
DA:28,1
DA:29,1
DA:30,1
DA:31,1
DA:32,1
DA:33,1
DA:34,1
DA:35,1
DA:36,1
DA:37,1
DA:38,1
DA:39,1
DA:40,1
DA:41,5
DA:42,5
DA:43,5
DA:44,5
DA:45,5
DA:46,5
DA:47,5
DA:48,5
DA:49,5
DA:50,5
DA:51,5
DA:52,5
DA:53,5
DA:54,5
DA:55,5
DA:56,1
DA:57,1
DA:58,1
DA:59,1
DA:60,1
DA:61,1
DA:62,5
DA:63,5
DA:64,5
DA:65,5
DA:66,5
DA:67,5
DA:68,5
DA:69,1
DA:70,1
DA:71,5
DA:72,5
DA:73,5
DA:74,5
DA:75,5
DA:76,5
DA:77,5
DA:78,3
DA:79,3
DA:80,5
DA:81,5
DA:82,5
DA:83,5
DA:84,5
DA:85,5
DA:86,3
DA:87,3
DA:88,3
DA:89,3
DA:90,3
DA:91,3
DA:92,3
DA:93,3
DA:94,3
DA:95,3
DA:96,3
DA:97,3
DA:98,0
DA:99,0
DA:100,5
DA:101,5
DA:102,5
DA:103,5
DA:104,5
DA:105,5
DA:106,5
DA:107,5
DA:108,2
DA:109,2
DA:110,2
DA:111,2
DA:112,2
DA:113,2
DA:114,2
DA:115,2
DA:116,2
DA:117,2
DA:118,2
DA:119,2
DA:120,2
DA:121,2
DA:122,2
DA:123,2
DA:124,5
DA:125,5
DA:126,5
DA:127,5
DA:128,5
DA:129,5
DA:130,5
DA:131,5
DA:132,1
DA:133,1
DA:134,1
DA:135,1
DA:136,1
DA:137,1
DA:138,1
DA:139,1
DA:140,1
DA:141,1
DA:142,1
DA:143,1
DA:144,1
DA:145,1
DA:146,1
DA:147,1
DA:148,5
DA:149,5
DA:150,5
DA:151,5
DA:152,5
DA:153,5
DA:154,5
DA:155,5
DA:156,1
DA:157,1
DA:158,1
DA:159,1
DA:160,1
DA:161,1
DA:162,2
DA:163,2
DA:164,2
DA:165,1
DA:166,1
DA:167,1
DA:168,1
DA:169,5
DA:170,5
DA:171,5
DA:172,5
DA:173,5
DA:174,5
DA:175,5
DA:176,5
DA:177,1
DA:178,1
DA:179,1
DA:180,1
DA:181,1
DA:182,1
DA:183,2
DA:184,2
DA:185,2
DA:186,1
DA:187,1
DA:188,1
DA:189,1
DA:190,5
LF:190
LH:188
BRDA:40,0,0,5
BRDA:44,1,0,5
BRDA:55,2,0,1
BRDA:68,3,0,1
BRDA:69,4,0,1
BRDA:77,5,0,3
BRDA:85,6,0,3
BRDA:98,7,0,0
BRDA:87,8,0,4
BRDA:91,9,0,4
BRDA:91,10,0,2
BRDA:94,11,0,4
BRDA:94,12,0,2
BRDA:107,13,0,2
BRDA:131,14,0,1
BRDA:155,15,0,1
BRDA:161,16,0,2
BRDA:162,17,0,1
BRDA:163,18,0,1
BRDA:164,19,0,1
BRDA:176,20,0,1
BRDA:182,21,0,2
BRDA:183,22,0,1
BRDA:184,23,0,1
BRDA:185,24,0,1
BRF:25
BRH:24
end_of_record
